This is pdfTeX, Version 3.14159265-2.6-1.40.15 (TeX Live 2014) (preloaded format=pdflatex 2014.10.1)  25 MAR 2015 12:31
entering extended mode
 restricted \write18 enabled.
 %&-line parsing enabled.
**HFFSNP96.tex
(./HFFSNP96.tex
LaTeX2e <2014/05/01>
Babel <3.9k> and hyphenation patterns for 78 languages loaded.
(./esoform.cls
Document Class: esoform 
(/usr/local/texlive/2014/texmf-dist/tex/latex/base/article.cls
Document Class: article 2007/10/19 v1.4h Standard LaTeX document class
(/usr/local/texlive/2014/texmf-dist/tex/latex/base/size10.clo
File: size10.clo 2007/10/19 v1.4h Standard LaTeX file (size option)
)
\c@part=\count79
\c@section=\count80
\c@subsection=\count81
\c@subsubsection=\count82
\c@paragraph=\count83
\c@subparagraph=\count84
\c@figure=\count85
\c@table=\count86
\abovecaptionskip=\skip41
\belowcaptionskip=\skip42
\bibindent=\dimen102
) (./common2e.sty
Package: common2e 
(./config.sty) (/usr/local/texlive/2014/texmf-dist/tex/latex/base/latexsym.sty
Package: latexsym 1998/08/17 v2.2e Standard LaTeX package (lasy symbols)
\symlasy=\mathgroup4
LaTeX Font Info:    Overwriting symbol font `lasy' in version `bold'
(Font)                  U/lasy/m/n --> U/lasy/b/n on input line 47.
) (/usr/local/texlive/2014/texmf-dist/tex/latex/base/ifthen.sty
Package: ifthen 2001/05/26 v1.1c Standard LaTeX ifthen package (DPC)
)
\tmpCntOne=\count87
\tmpCntTwo=\count88
\tmpCntThree=\count89
\tmpCntFour=\count90
\tmpCntFive=\count91
\tmpCntSix=\count92


 *********************************************************************
 * . . . . . . . . . . . . . . . . . . . . . . . . . . . . . . . . . *
 * . . .Please use PdfLaTeX and NOT LaTeX to compile this file . . . *
 * . . . . . . . . . . . . . . . . . . . . . . . . . . . . . . . . . *
 * . . . . .[See also the User Manual at Sects. 3.9 and 5]. . . . . *
 * . . . . . . . . . . . . . . . . . . . . . . . . . . . . . . . . . *
 *********************************************************************
 
(/usr/local/texlive/2014/texmf-dist/tex/latex/graphics/graphicx.sty
Package: graphicx 2014/04/25 v1.0g Enhanced LaTeX Graphics (DPC,SPQR)

(/usr/local/texlive/2014/texmf-dist/tex/latex/graphics/keyval.sty
Package: keyval 2014/05/08 v1.15 key=value parser (DPC)
\KV@toks@=\toks14
)
(/usr/local/texlive/2014/texmf-dist/tex/latex/graphics/graphics.sty
Package: graphics 2009/02/05 v1.0o Standard LaTeX Graphics (DPC,SPQR)

(/usr/local/texlive/2014/texmf-dist/tex/latex/graphics/trig.sty
Package: trig 1999/03/16 v1.09 sin cos tan (DPC)
)
(/usr/local/texlive/2014/texmf-dist/tex/latex/latexconfig/graphics.cfg
File: graphics.cfg 2010/04/23 v1.9 graphics configuration of TeX Live
)
Package graphics Info: Driver file: pdftex.def on input line 91.

(/usr/local/texlive/2014/texmf-dist/tex/latex/pdftex-def/pdftex.def
File: pdftex.def 2011/05/27 v0.06d Graphics/color for pdfTeX

(/usr/local/texlive/2014/texmf-dist/tex/generic/oberdiek/infwarerr.sty
Package: infwarerr 2010/04/08 v1.3 Providing info/warning/error messages (HO)
)
(/usr/local/texlive/2014/texmf-dist/tex/generic/oberdiek/ltxcmds.sty
Package: ltxcmds 2011/11/09 v1.22 LaTeX kernel commands for general use (HO)
)
\Gread@gobject=\count93
))
\Gin@req@height=\dimen103
\Gin@req@width=\dimen104
)
\strCount=\count94
\sepCount=\count95
\@boxNoCount=\count96
\@obsRunCounter=\count97
\@obsRunCounterOverflow=\count98
\c@CoIcounter=\count99
\@targetsCounter=\count100
\@targetsCounterOverflow=\count101
\@targetsOverflowPage=\count102
\@coisnewCounter=\count103
\@coisnewCounterOverflow=\count104
\@coisnewOverflowPage=\count105
\@instConfCounter=\count106
\@vltitargetsCounter=\count107
\@vltitargetsCounterOverflow=\count108
\@vltitargetsOverflowPage=\count109
\@tooRunCounter=\count110
\@tooRunCounterOverflow=\count111
\@tooRunOverflowPage=\count112
))
(./HFFSNP96.aux)
\openout1 = `HFFSNP96.aux'.

LaTeX Font Info:    Checking defaults for OML/cmm/m/it on input line 73.
LaTeX Font Info:    ... okay on input line 73.
LaTeX Font Info:    Checking defaults for T1/cmr/m/n on input line 73.
LaTeX Font Info:    ... okay on input line 73.
LaTeX Font Info:    Checking defaults for OT1/cmr/m/n on input line 73.
LaTeX Font Info:    ... okay on input line 73.
LaTeX Font Info:    Checking defaults for OMS/cmsy/m/n on input line 73.
LaTeX Font Info:    ... okay on input line 73.
LaTeX Font Info:    Checking defaults for OMX/cmex/m/n on input line 73.
LaTeX Font Info:    ... okay on input line 73.
LaTeX Font Info:    Checking defaults for U/cmr/m/n on input line 73.
LaTeX Font Info:    ... okay on input line 73.

(/usr/local/texlive/2014/texmf-dist/tex/context/base/supp-pdf.mkii
[Loading MPS to PDF converter (version 2006.09.02).]
\scratchcounter=\count113
\scratchdimen=\dimen105
\scratchbox=\box26
\nofMPsegments=\count114
\nofMParguments=\count115
\everyMPshowfont=\toks15
\MPscratchCnt=\count116
\MPscratchDim=\dimen106
\MPnumerator=\count117
\makeMPintoPDFobject=\count118
\everyMPtoPDFconversion=\toks16
) (/usr/local/texlive/2014/texmf-dist/tex/generic/oberdiek/pdftexcmds.sty
Package: pdftexcmds 2011/11/29 v0.20 Utility functions of pdfTeX for LuaTeX (HO
)

(/usr/local/texlive/2014/texmf-dist/tex/generic/oberdiek/ifluatex.sty
Package: ifluatex 2010/03/01 v1.3 Provides the ifluatex switch (HO)
Package ifluatex Info: LuaTeX not detected.
)
(/usr/local/texlive/2014/texmf-dist/tex/generic/oberdiek/ifpdf.sty
Package: ifpdf 2011/01/30 v2.3 Provides the ifpdf switch (HO)
Package ifpdf Info: pdfTeX in PDF mode is detected.
)
Package pdftexcmds Info: LuaTeX not detected.
Package pdftexcmds Info: \pdf@primitive is available.
Package pdftexcmds Info: \pdf@ifprimitive is available.
Package pdftexcmds Info: \pdfdraftmode found.
)
(/usr/local/texlive/2014/texmf-dist/tex/latex/oberdiek/epstopdf-base.sty
Package: epstopdf-base 2010/02/09 v2.5 Base part for package epstopdf

(/usr/local/texlive/2014/texmf-dist/tex/latex/oberdiek/grfext.sty
Package: grfext 2010/08/19 v1.1 Manage graphics extensions (HO)

(/usr/local/texlive/2014/texmf-dist/tex/generic/oberdiek/kvdefinekeys.sty
Package: kvdefinekeys 2011/04/07 v1.3 Define keys (HO)
))
(/usr/local/texlive/2014/texmf-dist/tex/latex/oberdiek/kvoptions.sty
Package: kvoptions 2011/06/30 v3.11 Key value format for package options (HO)

(/usr/local/texlive/2014/texmf-dist/tex/generic/oberdiek/kvsetkeys.sty
Package: kvsetkeys 2012/04/25 v1.16 Key value parser (HO)

(/usr/local/texlive/2014/texmf-dist/tex/generic/oberdiek/etexcmds.sty
Package: etexcmds 2011/02/16 v1.5 Avoid name clashes with e-TeX commands (HO)
Package etexcmds Info: Could not find \expanded.
(etexcmds)             That can mean that you are not using pdfTeX 1.50 or
(etexcmds)             that some package has redefined \expanded.
(etexcmds)             In the latter case, load this package earlier.
)))
Package grfext Info: Graphics extension search list:
(grfext)             [.png,.pdf,.jpg,.mps,.jpeg,.PNG,.PDF,.JPG,.JPEG,.eps]
(grfext)             \AppendGraphicsExtensions on input line 452.

(/usr/local/texlive/2014/texmf-dist/tex/latex/latexconfig/epstopdf-sys.cfg
File: epstopdf-sys.cfg 2010/07/13 v1.3 Configuration of (r)epstopdf for TeX Liv
e
))
pdfTeX warning (Object streams): \pdfobjcompresslevel > 0 requires \pdfminorver
sion > 4. Object streams disabled now.
<esologo.pdf, id=1, 2677.00125pt x 3491.0425pt>
File: esologo.pdf Graphic file (type pdf)
 <use esologo.pdf>
Package pdftex.def Info: esologo.pdf used on input line 1566.
(pdftex.def)             Requested size: 65.438pt x 85.35826pt.
LaTeX Font Info:    External font `cmex10' loaded for size
(Font)              <6> on input line 1566.
LaTeX Font Info:    External font `cmex10' loaded for size
(Font)              <5> on input line 1566.
LaTeX Font Info:    Try loading font information for U+lasy on input line 1566.


(/usr/local/texlive/2014/texmf-dist/tex/latex/base/ulasy.fd
File: ulasy.fd 1998/08/17 v2.2e LaTeX symbol font definitions
) A4
LaTeX Font Info:    External font `cmex10' loaded for size
(Font)              <7> on input line 1566.


LaTeX Font Warning: Font shape `OT1/cmss/m/n' in size <13> not available
(Font)              size <12> substituted on input line 1566.

[1

{/usr/local/texlive/2014/texmf-var/fonts/map/pdftex/updmap/pdftex.map} <./esolo
go.pdf>] [2] <ratesDTDall.jpg, id=30, 837.6093pt x 429.2838pt>
File: ratesDTDall.jpg Graphic file (type jpg)

<use ratesDTDall.jpg>
Package pdftex.def Info: ratesDTDall.jpg used on input line 1566.
(pdftex.def)             Requested size: 837.60725pt x 429.28275pt.
 <SN_Preston.png, id=31, 1025.8325pt x 374.39874pt>
File: SN_Preston.png Graphic file (type png)

<use SN_Preston.png>
Package pdftex.def Info: SN_Preston.png used on input line 1566.
(pdftex.def)             Requested size: 1025.83002pt x 374.39783pt.
 [3 <./ratesDTDall.jpg> <./SN_Preston.png>] [4] [5]
\runCount=\count119
\tmprunCount=\count120
\runLen=\count121

[6] [7]
\insCount=\count122
\tmpCount=\count123
\insLen=\count124
 [8] [9]

************************************************************************
************************************************************************
************** This proposal has compiled successfully. ****************
Please do check for warnings in the corresponding log file.
PLEASE NOTE THE FOLLOWING:
1. The correct institute codes must be entered for EACH Co-I.
A full list of institute codes can be found at: 
http://www.eso.org/sci/observing/phase1/countryselect.html
2. If the PI username has been filled in incorrectly the receiver will 
either reject the proposal or assign the proposal to the wrong user.
************************************************************************
************************************************************************

(./HFFSNP96.aux)

LaTeX Font Warning: Size substitutions with differences
(Font)              up to 1.0pt have occurred.

 ) 
Here is how much of TeX's memory you used:
 2335 strings out of 493117
 31876 string characters out of 6135433
 130339 words of memory out of 5000000
 5782 multiletter control sequences out of 15000+600000
 8356 words of font info for 32 fonts, out of 8000000 for 9000
 1141 hyphenation exceptions out of 8191
 41i,16n,28p,1344b,313s stack positions out of 5000i,500n,10000p,200000b,80000s
</usr/local/texlive/2014/texmf-dist/fonts/type1/public/amsfonts/cm/cmbx10.pfb
></usr/local/texlive/2014/texmf-dist/fonts/type1/public/amsfonts/cm/cmmi10.pfb>
</usr/local/texlive/2014/texmf-dist/fonts/type1/public/amsfonts/cm/cmmi7.pfb></
usr/local/texlive/2014/texmf-dist/fonts/type1/public/amsfonts/cm/cmr10.pfb></us
r/local/texlive/2014/texmf-dist/fonts/type1/public/amsfonts/cm/cmr6.pfb></usr/l
ocal/texlive/2014/texmf-dist/fonts/type1/public/amsfonts/cm/cmr7.pfb></usr/loca
l/texlive/2014/texmf-dist/fonts/type1/public/amsfonts/cm/cmr9.pfb></usr/local/t
exlive/2014/texmf-dist/fonts/type1/public/amsfonts/cm/cmss10.pfb></usr/local/te
xlive/2014/texmf-dist/fonts/type1/public/amsfonts/cm/cmss12.pfb></usr/local/tex
live/2014/texmf-dist/fonts/type1/public/amsfonts/cm/cmssbx10.pfb></usr/local/te
xlive/2014/texmf-dist/fonts/type1/public/amsfonts/cm/cmsy10.pfb></usr/local/tex
live/2014/texmf-dist/fonts/type1/public/amsfonts/cm/cmsy6.pfb></usr/local/texli
ve/2014/texmf-dist/fonts/type1/public/amsfonts/cm/cmti10.pfb>
Output written on HFFSNP96.pdf (9 pages, 5052585 bytes).
PDF statistics:
 95 PDF objects out of 1000 (max. 8388607)
 0 named destinations out of 1000 (max. 500000)
 16 words of extra memory for PDF output out of 10000 (max. 10000000)

